[+] Containers:
 |- [+] Container: /Game/FirstPerson/Maps/FirstPersonMap
 |   |- [+] ActorDescs:
 |   |   |- Guid:00DB10054F150CEC190CE3BB90032D1F BaseClass: NativeClass:/Script/Landscape.Landscape Name:Landscape_UAID_C4BDE5302739FD5C02_1804780175 Label:Landscape SpatiallyLoaded:0 Bounds:IsValid=true, Min=(X=-25200.000 Y=-25200.000 Z=-50.000), Max=(X=-25200.000 Y=-25200.000 Z=-50.000) RuntimeGrid:None EditorOnly:0 RuntimeOnly:0 HLODRelevant:0
 |   |   |- Guid:014139064B272AE31FF877B819CB5734 BaseClass: NativeClass:/Script/Engine.StaticMeshActor Name:StaticMeshActor_8 Label:SM_ChamferCube3 SpatiallyLoaded:1 Bounds:IsValid=true, Min=(X=257.548 Y=2127.548 Z=-29.937), Max=(X=462.452 Y=2332.452 Z=120.063) RuntimeGrid:None EditorOnly:0 RuntimeOnly:0 HLODRelevant:0 FolderPath:SimulatedCubes FolderGuid:9AEEADCB4DC6C647D6E7C0B4EDA1744F
 |   |   |- Guid:1AF3C9E9444411E58CB4DA8701E29718 BaseClass: NativeClass:/Script/Landscape.LandscapeStreamingProxy Name:LandscapeStreamingProxy_1V42K9B7WXXP48I14HEALSO9V_126_3_1_0 Label:LandscapeStreamingProxy_3_1_0 SpatiallyLoaded:1 Bounds:IsValid=true, Min=(X=12600.000 Y=-12600.000 Z=-50.000), Max=(X=25200.000 Y=0.000 Z=2218.750) RuntimeGrid:None EditorOnly:0 RuntimeOnly:0 HLODRelevant:1
 |   |   |- Guid:21262252453B37957EF29F82ABA2413B BaseClass: NativeClass:/Script/Engine.TextRenderActor Name:TextRenderActor_1 Label:TextRenderActor SpatiallyLoaded:1 Bounds:IsValid=true, Min=(X=4751.000 Y=471.000 Z=931.313), Max=(X=4751.000 Y=2856.894 Z=1348.687) RuntimeGrid:None EditorOnly:0 RuntimeOnly:0 HLODRelevant:0
 |   |   |- Guid:254D27654506DA912CEE11965181CEF2 BaseClass: NativeClass:/Script/Engine.StaticMeshActor Name:StaticMeshActor_27 Label:SM_QuarterCylinder13 SpatiallyLoaded:1 Bounds:IsValid=true, Min=(X=1340.000 Y=1420.000 Z=-30.000), Max=(X=1540.000 Y=1620.000 Z=20.000) RuntimeGrid:None EditorOnly:0 RuntimeOnly:0 HLODRelevant:1 FolderPath:Cylinder FolderGuid:98EA6984416B46BD4E6349A7D9A13307
 |   |   |- Guid:2A78EF094E089635A07B30AB9A046A81 BaseClass: NativeClass:/Script/Engine.StaticMeshActor Name:StaticMeshActor_47 Label:SM_ChamferCube13 SpatiallyLoaded:1 Bounds:IsValid=true, Min=(X=250.297 Y=3094.568 Z=70.013), Max=(X=391.180 Y=3235.451 Z=170.013) RuntimeGrid:None EditorOnly:0 RuntimeOnly:0 HLODRelevant:0 FolderPath:SimulatedCubes FolderGuid:9AEEADCB4DC6C647D6E7C0B4EDA1744F
 |   |   |- Guid:2E842F5A4C748DDF91CB748B6AD28849 BaseClass: NativeClass:/Script/Landscape.LandscapeStreamingProxy Name:LandscapeStreamingProxy_1V42K9B7WXXP48I14HEALSO9V_126_0_2_0 Label:LandscapeStreamingProxy_0_2_0 SpatiallyLoaded:1 Bounds:IsValid=true, Min=(X=-25200.000 Y=0.000 Z=-347.656), Max=(X=-12600.000 Y=12600.000 Z=3031.250) RuntimeGrid:None EditorOnly:0 RuntimeOnly:0 HLODRelevant:1
 |   |   |- Guid:312D068945AF1079A163EAB358A96D56 BaseClass:/Game/FirstPerson/Blueprints/BP_EnemySpawner.BP_EnemySpawner_C NativeClass:/Script/Engine.Actor Name:BP_EnemySpawner_C_UAID_C4BDE5302739F35D02_1997199474 Label:BP_EnemySpawner SpatiallyLoaded:1 Bounds:IsValid=true, Min=(X=-838.000 Y=2012.000 Z=22.000), Max=(X=-582.000 Y=2268.000 Z=278.000) RuntimeGrid:None EditorOnly:0 RuntimeOnly:0 HLODRelevant:0
 |   |   |- Guid:3314270944E5E335E2C1F58EFA7F3168 BaseClass: NativeClass:/Script/Landscape.LandscapeStreamingProxy Name:LandscapeStreamingProxy_1V42K9B7WXXP48I14HEALSO9V_126_2_3_0 Label:LandscapeStreamingProxy_2_3_0 SpatiallyLoaded:1 Bounds:IsValid=true, Min=(X=0.000 Y=12600.000 Z=-734.375), Max=(X=12600.000 Y=25200.000 Z=4003.125) RuntimeGrid:None EditorOnly:0 RuntimeOnly:0 HLODRelevant:1
 |   |   |- Guid:366B051142A43493B1C5228E3491D0EA BaseClass: NativeClass:/Script/Landscape.LandscapeStreamingProxy Name:LandscapeStreamingProxy_1V42K9B7WXXP48I14HEALSO9V_126_1_2_0 Label:LandscapeStreamingProxy_1_2_0 SpatiallyLoaded:1 Bounds:IsValid=true, Min=(X=-12600.000 Y=0.000 Z=-150.000), Max=(X=0.000 Y=12600.000 Z=2683.594) RuntimeGrid:None EditorOnly:0 RuntimeOnly:0 HLODRelevant:1
 |   |   |- Guid:373BCADC4E0B3E726ED494AC5627B351 BaseClass: NativeClass:/Script/Engine.StaticMeshActor Name:StaticMeshActor_40 Label:SM_ChamferCube8 SpatiallyLoaded:1 Bounds:IsValid=true, Min=(X=2615.000 Y=1607.500 Z=-17.437), Max=(X=2665.000 Y=2432.500 Z=307.563) RuntimeGrid:None EditorOnly:0 RuntimeOnly:0 HLODRelevant:0 FolderPath:SimulatedCubes FolderGuid:9AEEADCB4DC6C647D6E7C0B4EDA1744F
 |   |   |- Guid:44F16A3842647EF0F88EFE981EEECDE6 BaseClass: NativeClass:/Script/Landscape.LandscapeStreamingProxy Name:LandscapeStreamingProxy_1V42K9B7WXXP48I14HEALSO9V_126_3_2_0 Label:LandscapeStreamingProxy_3_2_0 SpatiallyLoaded:1 Bounds:IsValid=true, Min=(X=12600.000 Y=0.000 Z=-50.000), Max=(X=25200.000 Y=12600.000 Z=2067.188) RuntimeGrid:None EditorOnly:0 RuntimeOnly:0 HLODRelevant:1
 |   |   |- Guid:48A9C7094CF7D8B729AC22B7B81DEE05 BaseClass: NativeClass:/Script/Engine.StaticMeshActor Name:StaticMeshActor_28 Label:SM_QuarterCylinder14 SpatiallyLoaded:1 Bounds:IsValid=true, Min=(X=1540.000 Y=1420.000 Z=-30.000), Max=(X=1740.000 Y=1620.000 Z=20.000) RuntimeGrid:None EditorOnly:0 RuntimeOnly:0 HLODRelevant:1 FolderPath:Cylinder FolderGuid:98EA6984416B46BD4E6349A7D9A13307
 |   |   |- Guid:503301344EDD2580C9B8269BA1FF0C83 BaseClass: NativeClass:/Script/Engine.StaticMeshActor Name:StaticMeshActor_29 Label:SM_ChamferCube4 SpatiallyLoaded:1 Bounds:IsValid=true, Min=(X=334.338 Y=334.338 Z=-29.937), Max=(X=545.662 Y=545.662 Z=120.063) RuntimeGrid:None EditorOnly:0 RuntimeOnly:0 HLODRelevant:0 FolderPath:SimulatedCubes FolderGuid:9AEEADCB4DC6C647D6E7C0B4EDA1744F
 |   |   |- Guid:573177074D0ADB4DA9A357AE2A5CADA8 BaseClass: NativeClass:/Script/Engine.StaticMeshActor Name:StaticMeshActor_49 Label:SM_ChamferCube14 SpatiallyLoaded:1 Bounds:IsValid=true, Min=(X=2480.411 Y=2302.371 Z=-29.987), Max=(X=2580.411 Y=2402.371 Z=70.013) RuntimeGrid:None EditorOnly:0 RuntimeOnly:0 HLODRelevant:0 FolderPath:SimulatedCubes FolderGuid:9AEEADCB4DC6C647D6E7C0B4EDA1744F
 |   |   |- Guid:5FE7584649BB6F09265329A6C57CFD0D BaseClass: NativeClass:/Script/Engine.VolumetricCloud Name:VolumetricCloud_0 Label:VolumetricCloud SpatiallyLoaded:0 Bounds:IsValid=true, Min=(X=0.000 Y=0.000 Z=820.000), Max=(X=0.000 Y=0.000 Z=820.000) RuntimeGrid:None EditorOnly:0 RuntimeOnly:0 HLODRelevant:0 FolderPath:Lighting FolderGuid:0BA5F0A04EADB18E70D5B180D08FA34B
 |   |   |- Guid:61391D344900612A77DFC3BA3E354907 BaseClass: NativeClass:/Script/Engine.ExponentialHeightFog Name:ExponentialHeightFog_0 Label:ExponentialHeightFog SpatiallyLoaded:0 Bounds:IsValid=true, Min=(X=-5600.000 Y=-50.000 Z=-6850.000), Max=(X=-5600.000 Y=-50.000 Z=-6850.000) RuntimeGrid:None EditorOnly:0 RuntimeOnly:0 HLODRelevant:0 FolderPath:Lighting FolderGuid:0BA5F0A04EADB18E70D5B180D08FA34B
 |   |   |- Guid:624B4EB04C08A52610B10F8148636861 BaseClass: NativeClass:/Script/Landscape.LandscapeStreamingProxy Name:LandscapeStreamingProxy_1V42K9B7WXXP48I14HEALSO9V_126_1_0_0 Label:LandscapeStreamingProxy_1_0_0 SpatiallyLoaded:1 Bounds:IsValid=true, Min=(X=-12600.000 Y=-25200.000 Z=-50.000), Max=(X=0.000 Y=-12600.000 Z=3274.219) RuntimeGrid:None EditorOnly:0 RuntimeOnly:0 HLODRelevant:1
 |   |   |- Guid:68963A7B485C24AE20326396096857BE BaseClass: NativeClass:/Script/Landscape.LandscapeStreamingProxy Name:LandscapeStreamingProxy_1V42K9B7WXXP48I14HEALSO9V_126_1_3_0 Label:LandscapeStreamingProxy_1_3_0 SpatiallyLoaded:1 Bounds:IsValid=true, Min=(X=-12600.000 Y=12600.000 Z=-50.000), Max=(X=0.000 Y=25200.000 Z=4007.031) RuntimeGrid:None EditorOnly:0 RuntimeOnly:0 HLODRelevant:1
 |   |   |- Guid:6B9F7C52434CCF99C7551893412C2C21 BaseClass: NativeClass:/Script/Engine.StaticMeshActor Name:StaticMeshActor_51 Label:SM_ChamferCube16 SpatiallyLoaded:1 Bounds:IsValid=true, Min=(X=2480.411 Y=2247.371 Z=70.013), Max=(X=2580.411 Y=2347.371 Z=170.013) RuntimeGrid:None EditorOnly:0 RuntimeOnly:0 HLODRelevant:0 FolderPath:SimulatedCubes FolderGuid:9AEEADCB4DC6C647D6E7C0B4EDA1744F
 |   |   |- Guid:6FEFB3BD4EB37B849EF0D4AC80F83855 BaseClass: NativeClass:/Script/Engine.WorldDataLayers Name:WorldDataLayers Label:WorldDataLayers SpatiallyLoaded:0 Bounds:IsValid=true, Min=(X=0.000 Y=0.000 Z=0.000), Max=(X=0.000 Y=0.000 Z=0.000) RuntimeGrid:None EditorOnly:0 RuntimeOnly:0 HLODRelevant:0
 |   |   |- Guid:764666EF4316C7851F06859A678454F2 BaseClass: NativeClass:/Script/Engine.StaticMeshActor Name:StaticMeshActor_46 Label:SM_ChamferCube12 SpatiallyLoaded:1 Bounds:IsValid=true, Min=(X=204.335 Y=3056.000 Z=-29.987), Max=(X=345.218 Y=3196.884 Z=70.013) RuntimeGrid:None EditorOnly:0 RuntimeOnly:0 HLODRelevant:0 FolderPath:SimulatedCubes FolderGuid:9AEEADCB4DC6C647D6E7C0B4EDA1744F
 |   |   |- Guid:78907B824E304E162A9A02B9095F1FA1 BaseClass: NativeClass:/Script/Engine.StaticMeshActor Name:StaticMeshActor_43 Label:SM_ChamferCube9 SpatiallyLoaded:1 Bounds:IsValid=true, Min=(X=1191.292 Y=329.199 Z=-29.987), Max=(X=1327.894 Y=465.801 Z=70.013) RuntimeGrid:None EditorOnly:0 RuntimeOnly:0 HLODRelevant:0 FolderPath:SimulatedCubes FolderGuid:9AEEADCB4DC6C647D6E7C0B4EDA1744F
 |   |   |- Guid:78CAF7514C7533F30BD2F19A017AAB65 BaseClass: NativeClass:/Script/Engine.StaticMeshActor Name:StaticMeshActor_0 Label:SM_Cube SpatiallyLoaded:1 Bounds:IsValid=true, Min=(X=0.000 Y=0.000 Z=-50.000), Max=(X=3150.000 Y=3500.000 Z=-25.000) RuntimeGrid:None EditorOnly:0 RuntimeOnly:0 HLODRelevant:1 FolderPath:Playground FolderGuid:6C02BB504B69D1F3D7A624B130C18E5B
 |   |   |- Guid:7D1585A14CB56C9BFA64B1804010D475 BaseClass: NativeClass:/Script/Landscape.LandscapeStreamingProxy Name:LandscapeStreamingProxy_1V42K9B7WXXP48I14HEALSO9V_126_2_0_0 Label:LandscapeStreamingProxy_2_0_0 SpatiallyLoaded:1 Bounds:IsValid=true, Min=(X=0.000 Y=-25200.000 Z=-735.938), Max=(X=12600.000 Y=-12600.000 Z=2917.969) RuntimeGrid:None EditorOnly:0 RuntimeOnly:0 HLODRelevant:1
 |   |   |- Guid:819D89374F5F011641B802B797C6545A BaseClass: NativeClass:/Script/Engine.StaticMeshActor Name:StaticMeshActor_25 Label:SM_QuarterCylinder11 SpatiallyLoaded:1 Bounds:IsValid=true, Min=(X=1540.000 Y=1620.000 Z=-30.000), Max=(X=1740.000 Y=1820.000 Z=20.000) RuntimeGrid:None EditorOnly:0 RuntimeOnly:0 HLODRelevant:1 FolderPath:Cylinder FolderGuid:98EA6984416B46BD4E6349A7D9A13307
 |   |   |- Guid:88DDE700437BA9EF3907CD80A1C21ADF BaseClass: NativeClass:/Script/Landscape.LandscapeStreamingProxy Name:LandscapeStreamingProxy_1V42K9B7WXXP48I14HEALSO9V_126_0_1_0 Label:LandscapeStreamingProxy_0_1_0 SpatiallyLoaded:1 Bounds:IsValid=true, Min=(X=-25200.000 Y=-12600.000 Z=-359.375), Max=(X=-12600.000 Y=0.000 Z=2870.312) RuntimeGrid:None EditorOnly:0 RuntimeOnly:0 HLODRelevant:1
 |   |   |- Guid:8E9EA0F84D0FC901D6ABCF911C08AEE3 BaseClass: NativeClass:/Script/Engine.StaticMeshActor Name:StaticMeshActor_50 Label:SM_ChamferCube15 SpatiallyLoaded:1 Bounds:IsValid=true, Min=(X=2480.411 Y=2187.371 Z=-29.987), Max=(X=2580.411 Y=2287.371 Z=70.013) RuntimeGrid:None EditorOnly:0 RuntimeOnly:0 HLODRelevant:0 FolderPath:SimulatedCubes FolderGuid:9AEEADCB4DC6C647D6E7C0B4EDA1744F
 |   |   |- Guid:8F01EB4A485185C41F35789D691E4792 BaseClass: NativeClass:/Script/NavigationSystem.NavMeshBoundsVolume Name:NavMeshBoundsVolume_UAID_C4BDE5302739F45D02_1485468652 Label:NavMeshBoundsVolume SpatiallyLoaded:0 Bounds:IsValid=true, Min=(X=-4240.000 Y=-3380.000 Z=-120.000), Max=(X=5760.000 Y=6620.000 Z=480.000) RuntimeGrid:None EditorOnly:0 RuntimeOnly:0 HLODRelevant:0
 |   |   |- Guid:8F9AA288439FDE1E9F351FB16B09C2AF BaseClass: NativeClass:/Script/Landscape.LandscapeStreamingProxy Name:LandscapeStreamingProxy_1V42K9B7WXXP48I14HEALSO9V_126_0_0_0 Label:LandscapeStreamingProxy_0_0_0 SpatiallyLoaded:1 Bounds:IsValid=true, Min=(X=-25200.000 Y=-25200.000 Z=-50.000), Max=(X=-12600.000 Y=-12600.000 Z=7486.719) RuntimeGrid:None EditorOnly:0 RuntimeOnly:0 HLODRelevant:1
 |   |   |- Guid:9DFE1F99440AB0232C2BB294AEA4162F BaseClass: NativeClass:/Script/Landscape.LandscapeStreamingProxy Name:LandscapeStreamingProxy_1V42K9B7WXXP48I14HEALSO9V_126_3_3_0 Label:LandscapeStreamingProxy_3_3_0 SpatiallyLoaded:1 Bounds:IsValid=true, Min=(X=12600.000 Y=12600.000 Z=-732.031), Max=(X=25200.000 Y=25200.000 Z=4303.906) RuntimeGrid:None EditorOnly:0 RuntimeOnly:0 HLODRelevant:1
 |   |   |- Guid:A354B1B24E617A525DC6B48CCDE2417E BaseClass: NativeClass:/Script/Engine.PlayerStart Name:PlayerStart_0 Label:PlayerStart SpatiallyLoaded:0 Bounds:IsValid=true, Min=(X=1530.000 Y=1580.000 Z=20.013), Max=(X=1610.000 Y=1660.000 Z=204.013) RuntimeGrid:None EditorOnly:0 RuntimeOnly:0 HLODRelevant:0
 |   |   |- Guid:B0718D6846706384220C03973177EDC1 BaseClass: NativeClass:/Script/Engine.StaticMeshActor Name:StaticMeshActor_44 Label:SM_ChamferCube10 SpatiallyLoaded:1 Bounds:IsValid=true, Min=(X=1139.330 Y=299.199 Z=70.013), Max=(X=1275.933 Y=435.801 Z=170.013) RuntimeGrid:None EditorOnly:0 RuntimeOnly:0 HLODRelevant:0 FolderPath:SimulatedCubes FolderGuid:9AEEADCB4DC6C647D6E7C0B4EDA1744F
 |   |   |- Guid:BFE17929495117B54D0B99A9D96BED45 BaseClass: NativeClass:/Script/Landscape.LandscapeStreamingProxy Name:LandscapeStreamingProxy_1V42K9B7WXXP48I14HEALSO9V_126_3_0_0 Label:LandscapeStreamingProxy_3_0_0 SpatiallyLoaded:1 Bounds:IsValid=true, Min=(X=12600.000 Y=-25200.000 Z=-735.938), Max=(X=25200.000 Y=-12600.000 Z=2149.219) RuntimeGrid:None EditorOnly:0 RuntimeOnly:0 HLODRelevant:1
 |   |   |- Guid:C0C56B9644AE3D40CAFF6A878DB29844 BaseClass: NativeClass:/Script/Engine.StaticMeshActor Name:StaticMeshActor_UAID_A4AE111137DC5EFB00_2001720423 Label:SM_SkySphere SpatiallyLoaded:0 Bounds:IsValid=true, Min=(X=-1638400.000 Y=-1638400.000 Z=-1638400.000), Max=(X=1638400.000 Y=1638400.000 Z=1638400.000) RuntimeGrid:None EditorOnly:0 RuntimeOnly:0 HLODRelevant:1 FolderPath:Lighting FolderGuid:0BA5F0A04EADB18E70D5B180D08FA34B
 |   |   |- Guid:C22CE07C4B87D685137FDBBC10FC92C6 BaseClass: NativeClass:/Script/Engine.SkyAtmosphere Name:SkyAtmosphere_0 Label:SkyAtmosphere SpatiallyLoaded:0 Bounds:IsValid=true, Min=(X=0.000 Y=0.000 Z=1020.000), Max=(X=0.000 Y=0.000 Z=1020.000) RuntimeGrid:None EditorOnly:0 RuntimeOnly:0 HLODRelevant:0 FolderPath:Lighting FolderGuid:0BA5F0A04EADB18E70D5B180D08FA34B
 |   |   |- Guid:C4AA81C54C2C56670F52B998CE1C6ADC BaseClass: NativeClass:/Script/NavigationSystem.RecastNavMesh Name:RecastNavMesh_UAID_C4BDE5302739F25D02-Default Label:RecastNavMesh-Default SpatiallyLoaded:0 Bounds:IsValid=true, Min=(X=0.000 Y=0.000 Z=0.000), Max=(X=0.000 Y=0.000 Z=0.000) RuntimeGrid:None EditorOnly:0 RuntimeOnly:0 HLODRelevant:0
 |   |   |- Guid:C7638A974490C8ECD8C97785EB6FDA14 BaseClass: NativeClass:/Script/Landscape.LandscapeStreamingProxy Name:LandscapeStreamingProxy_1V42K9B7WXXP48I14HEALSO9V_126_0_3_0 Label:LandscapeStreamingProxy_0_3_0 SpatiallyLoaded:1 Bounds:IsValid=true, Min=(X=-25200.000 Y=12600.000 Z=-50.000), Max=(X=-12600.000 Y=25200.000 Z=3563.281) RuntimeGrid:None EditorOnly:0 RuntimeOnly:0 HLODRelevant:1
 |   |   |- Guid:C96EA9F84CAB52BA0FE483B12D76F8BF BaseClass: NativeClass:/Script/Engine.StaticMeshActor Name:StaticMeshActor_26 Label:SM_QuarterCylinder12 SpatiallyLoaded:1 Bounds:IsValid=true, Min=(X=1340.000 Y=1620.000 Z=-30.000), Max=(X=1540.000 Y=1820.000 Z=20.000) RuntimeGrid:None EditorOnly:0 RuntimeOnly:0 HLODRelevant:1 FolderPath:Cylinder FolderGuid:98EA6984416B46BD4E6349A7D9A13307
 |   |   |- Guid:CA7C339C4C6749F0C851F5A3626B8E2D BaseClass: NativeClass:/Script/Landscape.LandscapeStreamingProxy Name:LandscapeStreamingProxy_1V42K9B7WXXP48I14HEALSO9V_126_2_2_0 Label:LandscapeStreamingProxy_2_2_0 SpatiallyLoaded:1 Bounds:IsValid=true, Min=(X=0.000 Y=0.000 Z=-150.000), Max=(X=12600.000 Y=12600.000 Z=365.625) RuntimeGrid:None EditorOnly:0 RuntimeOnly:0 HLODRelevant:1
 |   |   |- Guid:CE8D82634660FCDB3120E2B8D547C533 BaseClass: NativeClass:/Script/Engine.PostProcessVolume Name:PostProcessVolume_0 Label:PostProcessVolume SpatiallyLoaded:0 Bounds:IsValid=true, Min=(X=0.000 Y=0.000 Z=400.000), Max=(X=200.000 Y=200.000 Z=600.000) RuntimeGrid:None EditorOnly:0 RuntimeOnly:0 HLODRelevant:0 FolderPath:Lighting FolderGuid:0BA5F0A04EADB18E70D5B180D08FA34B
 |   |   |- Guid:D65CE26D4543AB64D3E1CE82A79B39D9 BaseClass: NativeClass:/Script/Engine.StaticMeshActor Name:StaticMeshActor_45 Label:SM_ChamferCube11 SpatiallyLoaded:1 Bounds:IsValid=true, Min=(X=292.430 Y=3129.921 Z=-29.987), Max=(X=433.313 Y=3270.804 Z=70.013) RuntimeGrid:None EditorOnly:0 RuntimeOnly:0 HLODRelevant:0 FolderPath:SimulatedCubes FolderGuid:9AEEADCB4DC6C647D6E7C0B4EDA1744F
 |   |   |- Guid:DEA36C2046C65DA5E33AAFAC3E11B3AD BaseClass: NativeClass:/Script/Landscape.LandscapeStreamingProxy Name:LandscapeStreamingProxy_1V42K9B7WXXP48I14HEALSO9V_126_2_1_0 Label:LandscapeStreamingProxy_2_1_0 SpatiallyLoaded:1 Bounds:IsValid=true, Min=(X=0.000 Y=-12600.000 Z=-150.000), Max=(X=12600.000 Y=0.000 Z=50.000) RuntimeGrid:None EditorOnly:0 RuntimeOnly:0 HLODRelevant:1
 |   |   |- Guid:E051597541B4C998010633A0C1018139 BaseClass: NativeClass:/Script/Engine.StaticMeshActor Name:StaticMeshActor_30 Label:SM_ChamferCube5 SpatiallyLoaded:1 Bounds:IsValid=true, Min=(X=2625.532 Y=2625.330 Z=-20.082), Max=(X=2836.857 Y=2836.655 Z=129.918) RuntimeGrid:None EditorOnly:0 RuntimeOnly:0 HLODRelevant:0 FolderPath:SimulatedCubes FolderGuid:9AEEADCB4DC6C647D6E7C0B4EDA1744F
 |   |   |- Guid:E5320C1B4FD9764CE7B54D8487AEC613 BaseClass: NativeClass:/Script/Engine.SkyLight Name:SkyLight_0 Label:SkyLight SpatiallyLoaded:0 Bounds:IsValid=true, Min=(X=0.000 Y=0.000 Z=690.000), Max=(X=0.000 Y=0.000 Z=690.000) RuntimeGrid:None EditorOnly:0 RuntimeOnly:0 HLODRelevant:0 FolderPath:Lighting FolderGuid:0BA5F0A04EADB18E70D5B180D08FA34B
 |   |   |- Guid:EE66F4454A4A9F99393F559AB739C05E BaseClass:/Game/FirstPerson/Blueprints/BP_Pickup_Rifle.BP_Pickup_Rifle_C NativeClass:/Script/Engine.Actor Name:BP_Rifle_C_1 Label:BP_Pickup_Rifle SpatiallyLoaded:1 Bounds:IsValid=true, Min=(X=858.915 Y=2412.732 Z=104.250), Max=(X=922.915 Y=2502.171 Z=168.250) RuntimeGrid:None EditorOnly:0 RuntimeOnly:0 HLODRelevant:0
 |   |   |- Guid:F08386C9412AA4C4709784B6E3172344 BaseClass: NativeClass:/Script/Landscape.LandscapeStreamingProxy Name:LandscapeStreamingProxy_1V42K9B7WXXP48I14HEALSO9V_126_1_1_0 Label:LandscapeStreamingProxy_1_1_0 SpatiallyLoaded:1 Bounds:IsValid=true, Min=(X=-12600.000 Y=-12600.000 Z=-150.000), Max=(X=0.000 Y=0.000 Z=647.656) RuntimeGrid:None EditorOnly:0 RuntimeOnly:0 HLODRelevant:1
 |   |   |- Guid:F80621C9446867154938FE81375207DA BaseClass: NativeClass:/Script/Engine.DirectionalLight Name:DirectionalLight_1 Label:DirectionalLight SpatiallyLoaded:0 Bounds:IsValid=true, Min=(X=-1048576.000 Y=-1048576.000 Z=-1048576.000), Max=(X=1048576.000 Y=1048576.000 Z=1048576.000) RuntimeGrid:None EditorOnly:0 RuntimeOnly:0 HLODRelevant:0 FolderPath:Lighting FolderGuid:0BA5F0A04EADB18E70D5B180D08FA34B
 |   |   |- Guid:FE369CF94A071F9176E524A237CA92AA BaseClass: NativeClass:/Script/Engine.StaticMeshActor Name:StaticMeshActor_1 Label:SM_ChamferCube SpatiallyLoaded:1 Bounds:IsValid=true, Min=(X=1091.699 Y=271.699 Z=-29.987), Max=(X=1228.301 Y=408.301 Z=70.013) RuntimeGrid:None EditorOnly:0 RuntimeOnly:0 HLODRelevant:0 FolderPath:SimulatedCubes FolderGuid:9AEEADCB4DC6C647D6E7C0B4EDA1744F
 |   |- [+] Clusters:
 |   |   |- [+] [  0]
 |   |   |   |- Guid:C96EA9F84CAB52BA0FE483B12D76F8BF BaseClass: NativeClass:/Script/Engine.StaticMeshActor Name:StaticMeshActor_26 Label:SM_QuarterCylinder12 SpatiallyLoaded:1 Bounds:IsValid=true, Min=(X=1340.000 Y=1620.000 Z=-30.000), Max=(X=1540.000 Y=1820.000 Z=20.000) RuntimeGrid:None EditorOnly:0 RuntimeOnly:0 HLODRelevant:1 FolderPath:Cylinder FolderGuid:98EA6984416B46BD4E6349A7D9A13307
 |   |   |- [+] [  1]
 |   |   |   |- Guid:2E842F5A4C748DDF91CB748B6AD28849 BaseClass: NativeClass:/Script/Landscape.LandscapeStreamingProxy Name:LandscapeStreamingProxy_1V42K9B7WXXP48I14HEALSO9V_126_0_2_0 Label:LandscapeStreamingProxy_0_2_0 SpatiallyLoaded:1 Bounds:IsValid=true, Min=(X=-25200.000 Y=0.000 Z=-347.656), Max=(X=-12600.000 Y=12600.000 Z=3031.250) RuntimeGrid:None EditorOnly:0 RuntimeOnly:0 HLODRelevant:1
 |   |   |- [+] [  2]
 |   |   |   |- Guid:61391D344900612A77DFC3BA3E354907 BaseClass: NativeClass:/Script/Engine.ExponentialHeightFog Name:ExponentialHeightFog_0 Label:ExponentialHeightFog SpatiallyLoaded:0 Bounds:IsValid=true, Min=(X=-5600.000 Y=-50.000 Z=-6850.000), Max=(X=-5600.000 Y=-50.000 Z=-6850.000) RuntimeGrid:None EditorOnly:0 RuntimeOnly:0 HLODRelevant:0 FolderPath:Lighting FolderGuid:0BA5F0A04EADB18E70D5B180D08FA34B
 |   |   |- [+] [  3]
 |   |   |   |- Guid:7D1585A14CB56C9BFA64B1804010D475 BaseClass: NativeClass:/Script/Landscape.LandscapeStreamingProxy Name:LandscapeStreamingProxy_1V42K9B7WXXP48I14HEALSO9V_126_2_0_0 Label:LandscapeStreamingProxy_2_0_0 SpatiallyLoaded:1 Bounds:IsValid=true, Min=(X=0.000 Y=-25200.000 Z=-735.938), Max=(X=12600.000 Y=-12600.000 Z=2917.969) RuntimeGrid:None EditorOnly:0 RuntimeOnly:0 HLODRelevant:1
 |   |   |- [+] [  4]
 |   |   |   |- Guid:5FE7584649BB6F09265329A6C57CFD0D BaseClass: NativeClass:/Script/Engine.VolumetricCloud Name:VolumetricCloud_0 Label:VolumetricCloud SpatiallyLoaded:0 Bounds:IsValid=true, Min=(X=0.000 Y=0.000 Z=820.000), Max=(X=0.000 Y=0.000 Z=820.000) RuntimeGrid:None EditorOnly:0 RuntimeOnly:0 HLODRelevant:0 FolderPath:Lighting FolderGuid:0BA5F0A04EADB18E70D5B180D08FA34B
 |   |   |- [+] [  5]
 |   |   |   |- Guid:D65CE26D4543AB64D3E1CE82A79B39D9 BaseClass: NativeClass:/Script/Engine.StaticMeshActor Name:StaticMeshActor_45 Label:SM_ChamferCube11 SpatiallyLoaded:1 Bounds:IsValid=true, Min=(X=292.430 Y=3129.921 Z=-29.987), Max=(X=433.313 Y=3270.804 Z=70.013) RuntimeGrid:None EditorOnly:0 RuntimeOnly:0 HLODRelevant:0 FolderPath:SimulatedCubes FolderGuid:9AEEADCB4DC6C647D6E7C0B4EDA1744F
 |   |   |- [+] [  6]
 |   |   |   |- Guid:F80621C9446867154938FE81375207DA BaseClass: NativeClass:/Script/Engine.DirectionalLight Name:DirectionalLight_1 Label:DirectionalLight SpatiallyLoaded:0 Bounds:IsValid=true, Min=(X=-1048576.000 Y=-1048576.000 Z=-1048576.000), Max=(X=1048576.000 Y=1048576.000 Z=1048576.000) RuntimeGrid:None EditorOnly:0 RuntimeOnly:0 HLODRelevant:0 FolderPath:Lighting FolderGuid:0BA5F0A04EADB18E70D5B180D08FA34B
 |   |   |- [+] [  7]
 |   |   |   |- Guid:819D89374F5F011641B802B797C6545A BaseClass: NativeClass:/Script/Engine.StaticMeshActor Name:StaticMeshActor_25 Label:SM_QuarterCylinder11 SpatiallyLoaded:1 Bounds:IsValid=true, Min=(X=1540.000 Y=1620.000 Z=-30.000), Max=(X=1740.000 Y=1820.000 Z=20.000) RuntimeGrid:None EditorOnly:0 RuntimeOnly:0 HLODRelevant:1 FolderPath:Cylinder FolderGuid:98EA6984416B46BD4E6349A7D9A13307
 |   |   |- [+] [  8]
 |   |   |   |- Guid:373BCADC4E0B3E726ED494AC5627B351 BaseClass: NativeClass:/Script/Engine.StaticMeshActor Name:StaticMeshActor_40 Label:SM_ChamferCube8 SpatiallyLoaded:1 Bounds:IsValid=true, Min=(X=2615.000 Y=1607.500 Z=-17.437), Max=(X=2665.000 Y=2432.500 Z=307.563) RuntimeGrid:None EditorOnly:0 RuntimeOnly:0 HLODRelevant:0 FolderPath:SimulatedCubes FolderGuid:9AEEADCB4DC6C647D6E7C0B4EDA1744F
 |   |   |- [+] [  9]
 |   |   |   |- Guid:8E9EA0F84D0FC901D6ABCF911C08AEE3 BaseClass: NativeClass:/Script/Engine.StaticMeshActor Name:StaticMeshActor_50 Label:SM_ChamferCube15 SpatiallyLoaded:1 Bounds:IsValid=true, Min=(X=2480.411 Y=2187.371 Z=-29.987), Max=(X=2580.411 Y=2287.371 Z=70.013) RuntimeGrid:None EditorOnly:0 RuntimeOnly:0 HLODRelevant:0 FolderPath:SimulatedCubes FolderGuid:9AEEADCB4DC6C647D6E7C0B4EDA1744F
 |   |   |- [+] [ 10]
 |   |   |   |- Guid:21262252453B37957EF29F82ABA2413B BaseClass: NativeClass:/Script/Engine.TextRenderActor Name:TextRenderActor_1 Label:TextRenderActor SpatiallyLoaded:1 Bounds:IsValid=true, Min=(X=4751.000 Y=471.000 Z=931.313), Max=(X=4751.000 Y=2856.894 Z=1348.687) RuntimeGrid:None EditorOnly:0 RuntimeOnly:0 HLODRelevant:0
 |   |   |- [+] [ 11]
 |   |   |   |- Guid:366B051142A43493B1C5228E3491D0EA BaseClass: NativeClass:/Script/Landscape.LandscapeStreamingProxy Name:LandscapeStreamingProxy_1V42K9B7WXXP48I14HEALSO9V_126_1_2_0 Label:LandscapeStreamingProxy_1_2_0 SpatiallyLoaded:1 Bounds:IsValid=true, Min=(X=-12600.000 Y=0.000 Z=-150.000), Max=(X=0.000 Y=12600.000 Z=2683.594) RuntimeGrid:None EditorOnly:0 RuntimeOnly:0 HLODRelevant:1
 |   |   |- [+] [ 12]
 |   |   |   |- Guid:FE369CF94A071F9176E524A237CA92AA BaseClass: NativeClass:/Script/Engine.StaticMeshActor Name:StaticMeshActor_1 Label:SM_ChamferCube SpatiallyLoaded:1 Bounds:IsValid=true, Min=(X=1091.699 Y=271.699 Z=-29.987), Max=(X=1228.301 Y=408.301 Z=70.013) RuntimeGrid:None EditorOnly:0 RuntimeOnly:0 HLODRelevant:0 FolderPath:SimulatedCubes FolderGuid:9AEEADCB4DC6C647D6E7C0B4EDA1744F
 |   |   |- [+] [ 13]
 |   |   |   |- Guid:2A78EF094E089635A07B30AB9A046A81 BaseClass: NativeClass:/Script/Engine.StaticMeshActor Name:StaticMeshActor_47 Label:SM_ChamferCube13 SpatiallyLoaded:1 Bounds:IsValid=true, Min=(X=250.297 Y=3094.568 Z=70.013), Max=(X=391.180 Y=3235.451 Z=170.013) RuntimeGrid:None EditorOnly:0 RuntimeOnly:0 HLODRelevant:0 FolderPath:SimulatedCubes FolderGuid:9AEEADCB4DC6C647D6E7C0B4EDA1744F
 |   |   |- [+] [ 14]
 |   |   |   |- Guid:624B4EB04C08A52610B10F8148636861 BaseClass: NativeClass:/Script/Landscape.LandscapeStreamingProxy Name:LandscapeStreamingProxy_1V42K9B7WXXP48I14HEALSO9V_126_1_0_0 Label:LandscapeStreamingProxy_1_0_0 SpatiallyLoaded:1 Bounds:IsValid=true, Min=(X=-12600.000 Y=-25200.000 Z=-50.000), Max=(X=0.000 Y=-12600.000 Z=3274.219) RuntimeGrid:None EditorOnly:0 RuntimeOnly:0 HLODRelevant:1
 |   |   |- [+] [ 15]
 |   |   |   |- Guid:EE66F4454A4A9F99393F559AB739C05E BaseClass:/Game/FirstPerson/Blueprints/BP_Pickup_Rifle.BP_Pickup_Rifle_C NativeClass:/Script/Engine.Actor Name:BP_Rifle_C_1 Label:BP_Pickup_Rifle SpatiallyLoaded:1 Bounds:IsValid=true, Min=(X=858.915 Y=2412.732 Z=104.250), Max=(X=922.915 Y=2502.171 Z=168.250) RuntimeGrid:None EditorOnly:0 RuntimeOnly:0 HLODRelevant:0
 |   |   |- [+] [ 16]
 |   |   |   |- Guid:8F9AA288439FDE1E9F351FB16B09C2AF BaseClass: NativeClass:/Script/Landscape.LandscapeStreamingProxy Name:LandscapeStreamingProxy_1V42K9B7WXXP48I14HEALSO9V_126_0_0_0 Label:LandscapeStreamingProxy_0_0_0 SpatiallyLoaded:1 Bounds:IsValid=true, Min=(X=-25200.000 Y=-25200.000 Z=-50.000), Max=(X=-12600.000 Y=-12600.000 Z=7486.719) RuntimeGrid:None EditorOnly:0 RuntimeOnly:0 HLODRelevant:1
 |   |   |- [+] [ 17]
 |   |   |   |- Guid:44F16A3842647EF0F88EFE981EEECDE6 BaseClass: NativeClass:/Script/Landscape.LandscapeStreamingProxy Name:LandscapeStreamingProxy_1V42K9B7WXXP48I14HEALSO9V_126_3_2_0 Label:LandscapeStreamingProxy_3_2_0 SpatiallyLoaded:1 Bounds:IsValid=true, Min=(X=12600.000 Y=0.000 Z=-50.000), Max=(X=25200.000 Y=12600.000 Z=2067.188) RuntimeGrid:None EditorOnly:0 RuntimeOnly:0 HLODRelevant:1
 |   |   |- [+] [ 18]
 |   |   |   |- Guid:E5320C1B4FD9764CE7B54D8487AEC613 BaseClass: NativeClass:/Script/Engine.SkyLight Name:SkyLight_0 Label:SkyLight SpatiallyLoaded:0 Bounds:IsValid=true, Min=(X=0.000 Y=0.000 Z=690.000), Max=(X=0.000 Y=0.000 Z=690.000) RuntimeGrid:None EditorOnly:0 RuntimeOnly:0 HLODRelevant:0 FolderPath:Lighting FolderGuid:0BA5F0A04EADB18E70D5B180D08FA34B
 |   |   |- [+] [ 19]
 |   |   |   |- Guid:C7638A974490C8ECD8C97785EB6FDA14 BaseClass: NativeClass:/Script/Landscape.LandscapeStreamingProxy Name:LandscapeStreamingProxy_1V42K9B7WXXP48I14HEALSO9V_126_0_3_0 Label:LandscapeStreamingProxy_0_3_0 SpatiallyLoaded:1 Bounds:IsValid=true, Min=(X=-25200.000 Y=12600.000 Z=-50.000), Max=(X=-12600.000 Y=25200.000 Z=3563.281) RuntimeGrid:None EditorOnly:0 RuntimeOnly:0 HLODRelevant:1
 |   |   |- [+] [ 20]
 |   |   |   |- Guid:00DB10054F150CEC190CE3BB90032D1F BaseClass: NativeClass:/Script/Landscape.Landscape Name:Landscape_UAID_C4BDE5302739FD5C02_1804780175 Label:Landscape SpatiallyLoaded:0 Bounds:IsValid=true, Min=(X=-25200.000 Y=-25200.000 Z=-50.000), Max=(X=-25200.000 Y=-25200.000 Z=-50.000) RuntimeGrid:None EditorOnly:0 RuntimeOnly:0 HLODRelevant:0
 |   |   |- [+] [ 21]
 |   |   |   |- Guid:78907B824E304E162A9A02B9095F1FA1 BaseClass: NativeClass:/Script/Engine.StaticMeshActor Name:StaticMeshActor_43 Label:SM_ChamferCube9 SpatiallyLoaded:1 Bounds:IsValid=true, Min=(X=1191.292 Y=329.199 Z=-29.987), Max=(X=1327.894 Y=465.801 Z=70.013) RuntimeGrid:None EditorOnly:0 RuntimeOnly:0 HLODRelevant:0 FolderPath:SimulatedCubes FolderGuid:9AEEADCB4DC6C647D6E7C0B4EDA1744F
 |   |   |- [+] [ 22]
 |   |   |   |- Guid:78CAF7514C7533F30BD2F19A017AAB65 BaseClass: NativeClass:/Script/Engine.StaticMeshActor Name:StaticMeshActor_0 Label:SM_Cube SpatiallyLoaded:1 Bounds:IsValid=true, Min=(X=0.000 Y=0.000 Z=-50.000), Max=(X=3150.000 Y=3500.000 Z=-25.000) RuntimeGrid:None EditorOnly:0 RuntimeOnly:0 HLODRelevant:1 FolderPath:Playground FolderGuid:6C02BB504B69D1F3D7A624B130C18E5B
 |   |   |- [+] [ 23]
 |   |   |   |- Guid:573177074D0ADB4DA9A357AE2A5CADA8 BaseClass: NativeClass:/Script/Engine.StaticMeshActor Name:StaticMeshActor_49 Label:SM_ChamferCube14 SpatiallyLoaded:1 Bounds:IsValid=true, Min=(X=2480.411 Y=2302.371 Z=-29.987), Max=(X=2580.411 Y=2402.371 Z=70.013) RuntimeGrid:None EditorOnly:0 RuntimeOnly:0 HLODRelevant:0 FolderPath:SimulatedCubes FolderGuid:9AEEADCB4DC6C647D6E7C0B4EDA1744F
 |   |   |- [+] [ 24]
 |   |   |   |- Guid:68963A7B485C24AE20326396096857BE BaseClass: NativeClass:/Script/Landscape.LandscapeStreamingProxy Name:LandscapeStreamingProxy_1V42K9B7WXXP48I14HEALSO9V_126_1_3_0 Label:LandscapeStreamingProxy_1_3_0 SpatiallyLoaded:1 Bounds:IsValid=true, Min=(X=-12600.000 Y=12600.000 Z=-50.000), Max=(X=0.000 Y=25200.000 Z=4007.031) RuntimeGrid:None EditorOnly:0 RuntimeOnly:0 HLODRelevant:1
 |   |   |- [+] [ 25]
 |   |   |   |- Guid:E051597541B4C998010633A0C1018139 BaseClass: NativeClass:/Script/Engine.StaticMeshActor Name:StaticMeshActor_30 Label:SM_ChamferCube5 SpatiallyLoaded:1 Bounds:IsValid=true, Min=(X=2625.532 Y=2625.330 Z=-20.082), Max=(X=2836.857 Y=2836.655 Z=129.918) RuntimeGrid:None EditorOnly:0 RuntimeOnly:0 HLODRelevant:0 FolderPath:SimulatedCubes FolderGuid:9AEEADCB4DC6C647D6E7C0B4EDA1744F
 |   |   |- [+] [ 26]
 |   |   |   |- Guid:1AF3C9E9444411E58CB4DA8701E29718 BaseClass: NativeClass:/Script/Landscape.LandscapeStreamingProxy Name:LandscapeStreamingProxy_1V42K9B7WXXP48I14HEALSO9V_126_3_1_0 Label:LandscapeStreamingProxy_3_1_0 SpatiallyLoaded:1 Bounds:IsValid=true, Min=(X=12600.000 Y=-12600.000 Z=-50.000), Max=(X=25200.000 Y=0.000 Z=2218.750) RuntimeGrid:None EditorOnly:0 RuntimeOnly:0 HLODRelevant:1
 |   |   |- [+] [ 27]
 |   |   |   |- Guid:B0718D6846706384220C03973177EDC1 BaseClass: NativeClass:/Script/Engine.StaticMeshActor Name:StaticMeshActor_44 Label:SM_ChamferCube10 SpatiallyLoaded:1 Bounds:IsValid=true, Min=(X=1139.330 Y=299.199 Z=70.013), Max=(X=1275.933 Y=435.801 Z=170.013) RuntimeGrid:None EditorOnly:0 RuntimeOnly:0 HLODRelevant:0 FolderPath:SimulatedCubes FolderGuid:9AEEADCB4DC6C647D6E7C0B4EDA1744F
 |   |   |- [+] [ 28]
 |   |   |   |- Guid:014139064B272AE31FF877B819CB5734 BaseClass: NativeClass:/Script/Engine.StaticMeshActor Name:StaticMeshActor_8 Label:SM_ChamferCube3 SpatiallyLoaded:1 Bounds:IsValid=true, Min=(X=257.548 Y=2127.548 Z=-29.937), Max=(X=462.452 Y=2332.452 Z=120.063) RuntimeGrid:None EditorOnly:0 RuntimeOnly:0 HLODRelevant:0 FolderPath:SimulatedCubes FolderGuid:9AEEADCB4DC6C647D6E7C0B4EDA1744F
 |   |   |- [+] [ 29]
 |   |   |   |- Guid:764666EF4316C7851F06859A678454F2 BaseClass: NativeClass:/Script/Engine.StaticMeshActor Name:StaticMeshActor_46 Label:SM_ChamferCube12 SpatiallyLoaded:1 Bounds:IsValid=true, Min=(X=204.335 Y=3056.000 Z=-29.987), Max=(X=345.218 Y=3196.884 Z=70.013) RuntimeGrid:None EditorOnly:0 RuntimeOnly:0 HLODRelevant:0 FolderPath:SimulatedCubes FolderGuid:9AEEADCB4DC6C647D6E7C0B4EDA1744F
 |   |   |- [+] [ 30]
 |   |   |   |- Guid:A354B1B24E617A525DC6B48CCDE2417E BaseClass: NativeClass:/Script/Engine.PlayerStart Name:PlayerStart_0 Label:PlayerStart SpatiallyLoaded:0 Bounds:IsValid=true, Min=(X=1530.000 Y=1580.000 Z=20.013), Max=(X=1610.000 Y=1660.000 Z=204.013) RuntimeGrid:None EditorOnly:0 RuntimeOnly:0 HLODRelevant:0
 |   |   |- [+] [ 31]
 |   |   |   |- Guid:F08386C9412AA4C4709784B6E3172344 BaseClass: NativeClass:/Script/Landscape.LandscapeStreamingProxy Name:LandscapeStreamingProxy_1V42K9B7WXXP48I14HEALSO9V_126_1_1_0 Label:LandscapeStreamingProxy_1_1_0 SpatiallyLoaded:1 Bounds:IsValid=true, Min=(X=-12600.000 Y=-12600.000 Z=-150.000), Max=(X=0.000 Y=0.000 Z=647.656) RuntimeGrid:None EditorOnly:0 RuntimeOnly:0 HLODRelevant:1
 |   |   |- [+] [ 32]
 |   |   |   |- Guid:BFE17929495117B54D0B99A9D96BED45 BaseClass: NativeClass:/Script/Landscape.LandscapeStreamingProxy Name:LandscapeStreamingProxy_1V42K9B7WXXP48I14HEALSO9V_126_3_0_0 Label:LandscapeStreamingProxy_3_0_0 SpatiallyLoaded:1 Bounds:IsValid=true, Min=(X=12600.000 Y=-25200.000 Z=-735.938), Max=(X=25200.000 Y=-12600.000 Z=2149.219) RuntimeGrid:None EditorOnly:0 RuntimeOnly:0 HLODRelevant:1
 |   |   |- [+] [ 33]
 |   |   |   |- Guid:6B9F7C52434CCF99C7551893412C2C21 BaseClass: NativeClass:/Script/Engine.StaticMeshActor Name:StaticMeshActor_51 Label:SM_ChamferCube16 SpatiallyLoaded:1 Bounds:IsValid=true, Min=(X=2480.411 Y=2247.371 Z=70.013), Max=(X=2580.411 Y=2347.371 Z=170.013) RuntimeGrid:None EditorOnly:0 RuntimeOnly:0 HLODRelevant:0 FolderPath:SimulatedCubes FolderGuid:9AEEADCB4DC6C647D6E7C0B4EDA1744F
 |   |   |- [+] [ 34]
 |   |   |   |- Guid:DEA36C2046C65DA5E33AAFAC3E11B3AD BaseClass: NativeClass:/Script/Landscape.LandscapeStreamingProxy Name:LandscapeStreamingProxy_1V42K9B7WXXP48I14HEALSO9V_126_2_1_0 Label:LandscapeStreamingProxy_2_1_0 SpatiallyLoaded:1 Bounds:IsValid=true, Min=(X=0.000 Y=-12600.000 Z=-150.000), Max=(X=12600.000 Y=0.000 Z=50.000) RuntimeGrid:None EditorOnly:0 RuntimeOnly:0 HLODRelevant:1
 |   |   |- [+] [ 35]
 |   |   |   |- Guid:48A9C7094CF7D8B729AC22B7B81DEE05 BaseClass: NativeClass:/Script/Engine.StaticMeshActor Name:StaticMeshActor_28 Label:SM_QuarterCylinder14 SpatiallyLoaded:1 Bounds:IsValid=true, Min=(X=1540.000 Y=1420.000 Z=-30.000), Max=(X=1740.000 Y=1620.000 Z=20.000) RuntimeGrid:None EditorOnly:0 RuntimeOnly:0 HLODRelevant:1 FolderPath:Cylinder FolderGuid:98EA6984416B46BD4E6349A7D9A13307
 |   |   |- [+] [ 36]
 |   |   |   |- Guid:254D27654506DA912CEE11965181CEF2 BaseClass: NativeClass:/Script/Engine.StaticMeshActor Name:StaticMeshActor_27 Label:SM_QuarterCylinder13 SpatiallyLoaded:1 Bounds:IsValid=true, Min=(X=1340.000 Y=1420.000 Z=-30.000), Max=(X=1540.000 Y=1620.000 Z=20.000) RuntimeGrid:None EditorOnly:0 RuntimeOnly:0 HLODRelevant:1 FolderPath:Cylinder FolderGuid:98EA6984416B46BD4E6349A7D9A13307
 |   |   |- [+] [ 37]
 |   |   |   |- Guid:3314270944E5E335E2C1F58EFA7F3168 BaseClass: NativeClass:/Script/Landscape.LandscapeStreamingProxy Name:LandscapeStreamingProxy_1V42K9B7WXXP48I14HEALSO9V_126_2_3_0 Label:LandscapeStreamingProxy_2_3_0 SpatiallyLoaded:1 Bounds:IsValid=true, Min=(X=0.000 Y=12600.000 Z=-734.375), Max=(X=12600.000 Y=25200.000 Z=4003.125) RuntimeGrid:None EditorOnly:0 RuntimeOnly:0 HLODRelevant:1
 |   |   |- [+] [ 38]
 |   |   |   |- Guid:503301344EDD2580C9B8269BA1FF0C83 BaseClass: NativeClass:/Script/Engine.StaticMeshActor Name:StaticMeshActor_29 Label:SM_ChamferCube4 SpatiallyLoaded:1 Bounds:IsValid=true, Min=(X=334.338 Y=334.338 Z=-29.937), Max=(X=545.662 Y=545.662 Z=120.063) RuntimeGrid:None EditorOnly:0 RuntimeOnly:0 HLODRelevant:0 FolderPath:SimulatedCubes FolderGuid:9AEEADCB4DC6C647D6E7C0B4EDA1744F
 |   |   |- [+] [ 39]
 |   |   |   |- Guid:C22CE07C4B87D685137FDBBC10FC92C6 BaseClass: NativeClass:/Script/Engine.SkyAtmosphere Name:SkyAtmosphere_0 Label:SkyAtmosphere SpatiallyLoaded:0 Bounds:IsValid=true, Min=(X=0.000 Y=0.000 Z=1020.000), Max=(X=0.000 Y=0.000 Z=1020.000) RuntimeGrid:None EditorOnly:0 RuntimeOnly:0 HLODRelevant:0 FolderPath:Lighting FolderGuid:0BA5F0A04EADB18E70D5B180D08FA34B
 |   |   |- [+] [ 40]
 |   |   |   |- Guid:C0C56B9644AE3D40CAFF6A878DB29844 BaseClass: NativeClass:/Script/Engine.StaticMeshActor Name:StaticMeshActor_UAID_A4AE111137DC5EFB00_2001720423 Label:SM_SkySphere SpatiallyLoaded:0 Bounds:IsValid=true, Min=(X=-1638400.000 Y=-1638400.000 Z=-1638400.000), Max=(X=1638400.000 Y=1638400.000 Z=1638400.000) RuntimeGrid:None EditorOnly:0 RuntimeOnly:0 HLODRelevant:1 FolderPath:Lighting FolderGuid:0BA5F0A04EADB18E70D5B180D08FA34B
 |   |   |- [+] [ 41]
 |   |   |   |- Guid:6FEFB3BD4EB37B849EF0D4AC80F83855 BaseClass: NativeClass:/Script/Engine.WorldDataLayers Name:WorldDataLayers Label:WorldDataLayers SpatiallyLoaded:0 Bounds:IsValid=true, Min=(X=0.000 Y=0.000 Z=0.000), Max=(X=0.000 Y=0.000 Z=0.000) RuntimeGrid:None EditorOnly:0 RuntimeOnly:0 HLODRelevant:0
 |   |   |- [+] [ 42]
 |   |   |   |- Guid:88DDE700437BA9EF3907CD80A1C21ADF BaseClass: NativeClass:/Script/Landscape.LandscapeStreamingProxy Name:LandscapeStreamingProxy_1V42K9B7WXXP48I14HEALSO9V_126_0_1_0 Label:LandscapeStreamingProxy_0_1_0 SpatiallyLoaded:1 Bounds:IsValid=true, Min=(X=-25200.000 Y=-12600.000 Z=-359.375), Max=(X=-12600.000 Y=0.000 Z=2870.312) RuntimeGrid:None EditorOnly:0 RuntimeOnly:0 HLODRelevant:1
 |   |   |- [+] [ 43]
 |   |   |   |- Guid:CA7C339C4C6749F0C851F5A3626B8E2D BaseClass: NativeClass:/Script/Landscape.LandscapeStreamingProxy Name:LandscapeStreamingProxy_1V42K9B7WXXP48I14HEALSO9V_126_2_2_0 Label:LandscapeStreamingProxy_2_2_0 SpatiallyLoaded:1 Bounds:IsValid=true, Min=(X=0.000 Y=0.000 Z=-150.000), Max=(X=12600.000 Y=12600.000 Z=365.625) RuntimeGrid:None EditorOnly:0 RuntimeOnly:0 HLODRelevant:1
 |   |   |- [+] [ 44]
 |   |   |   |- Guid:CE8D82634660FCDB3120E2B8D547C533 BaseClass: NativeClass:/Script/Engine.PostProcessVolume Name:PostProcessVolume_0 Label:PostProcessVolume SpatiallyLoaded:0 Bounds:IsValid=true, Min=(X=0.000 Y=0.000 Z=400.000), Max=(X=200.000 Y=200.000 Z=600.000) RuntimeGrid:None EditorOnly:0 RuntimeOnly:0 HLODRelevant:0 FolderPath:Lighting FolderGuid:0BA5F0A04EADB18E70D5B180D08FA34B
 |   |   |- [+] [ 45]
 |   |   |   |- Guid:9DFE1F99440AB0232C2BB294AEA4162F BaseClass: NativeClass:/Script/Landscape.LandscapeStreamingProxy Name:LandscapeStreamingProxy_1V42K9B7WXXP48I14HEALSO9V_126_3_3_0 Label:LandscapeStreamingProxy_3_3_0 SpatiallyLoaded:1 Bounds:IsValid=true, Min=(X=12600.000 Y=12600.000 Z=-732.031), Max=(X=25200.000 Y=25200.000 Z=4303.906) RuntimeGrid:None EditorOnly:0 RuntimeOnly:0 HLODRelevant:1
 |   |   |- [+] [ 46]
 |   |   |   |- Guid:8F01EB4A485185C41F35789D691E4792 BaseClass: NativeClass:/Script/NavigationSystem.NavMeshBoundsVolume Name:NavMeshBoundsVolume_UAID_C4BDE5302739F45D02_1485468652 Label:NavMeshBoundsVolume SpatiallyLoaded:0 Bounds:IsValid=true, Min=(X=-4240.000 Y=-3380.000 Z=-120.000), Max=(X=5760.000 Y=6620.000 Z=480.000) RuntimeGrid:None EditorOnly:0 RuntimeOnly:0 HLODRelevant:0
 |   |   |- [+] [ 47]
 |   |   |   |- Guid:312D068945AF1079A163EAB358A96D56 BaseClass:/Game/FirstPerson/Blueprints/BP_EnemySpawner.BP_EnemySpawner_C NativeClass:/Script/Engine.Actor Name:BP_EnemySpawner_C_UAID_C4BDE5302739F35D02_1997199474 Label:BP_EnemySpawner SpatiallyLoaded:1 Bounds:IsValid=true, Min=(X=-838.000 Y=2012.000 Z=22.000), Max=(X=-582.000 Y=2268.000 Z=278.000) RuntimeGrid:None EditorOnly:0 RuntimeOnly:0 HLODRelevant:0
 |   |   |- [+] [ 48]
 |   |   |   |- Guid:C4AA81C54C2C56670F52B998CE1C6ADC BaseClass: NativeClass:/Script/NavigationSystem.RecastNavMesh Name:RecastNavMesh_UAID_C4BDE5302739F25D02-Default Label:RecastNavMesh-Default SpatiallyLoaded:0 Bounds:IsValid=true, Min=(X=0.000 Y=0.000 Z=0.000), Max=(X=0.000 Y=0.000 Z=0.000) RuntimeGrid:None EditorOnly:0 RuntimeOnly:0 HLODRelevant:0
 |- ContainerInstances:
 |- [+] MainContainer:
 |   |-        ID: 0x0000000000000000
 |   |-    Bounds: IsValid=false, Min=(X=0.000 Y=0.000 Z=0.000), Max=(X=0.000 Y=0.000 Z=0.000)
 |   |- Transform: 0.000000,0.000000,0.000000|0.000000,0.000000,-0.000000|1.000000,1.000000,1.000000
 |   |- Container: /Game/FirstPerson/Maps/FirstPersonMap
----------------------------------------------------------------------------------------------------------------
FirstPersonMap - Persistent Level
----------------------------------------------------------------------------------------------------------------
Always loaded Actor Count: 103 

----------------------------------------------------------------------------------------------------------------
FirstPersonMap - Runtime Spatial Hash - Streaming Grid - MainGrid
----------------------------------------------------------------------------------------------------------------
            Origin: X=0.000 Y=0.000 Z=0.000
         Cell Size: 12800
      World Bounds: IsValid=false, Min=(X=0.000 Y=0.000 Z=0.000), Max=(X=0.000 Y=0.000 Z=0.000)
     Loading Range: 25600.00
Block Slow Loading: No
 ClientOnlyVisible: No

[+] Grid Levels: 1
 |- Level  0: Cell Count    0 | Cell Size   12800 | Actor Count    0 (0.0%)

[+] Content of Grid Level 0

